################################################################################################
1
This company Getting the Data: 3M_Company
!!!!!!!!The File Already Exists
################################################################################################
2
This company Getting the Data: Abbott_Laboratories
!!!!!!!!The File Already Exists
################################################################################################
3
This company Getting the Data: AbbVie
!!!!!!!!The File Already Exists
################################################################################################
4
This company Getting the Data: Accenture_plc
!!!!!!!!The File Already Exists
################################################################################################
5
This company Getting the Data: Activision_Blizzard
!!!!!!!!The File Already Exists
################################################################################################
6
This company Getting the Data: Acuity_Brands_Inc
!!!!!!!!The File Already Exists
################################################################################################
7
This company Getting the Data: Adobe_Systems_Inc
!!!!!!!!The File Already Exists
################################################################################################
8
This company Getting the Data: Advance_Auto_Parts
!!!!!!!!The File Already Exists
################################################################################################
9
This company Getting the Data: AES_Corp
!!!!!!!!The File Already Exists
################################################################################################
10
This company Getting the Data: Aetna_Inc
!!!!!!!!The File Already Exists
################################################################################################
11
This company Getting the Data: Affiliated_Managers_Group_Inc
!!!!!!!!The File Already Exists
################################################################################################
12
This company Getting the Data: AFLAC_Inc
!!!!!!!!The File Already Exists
################################################################################################
13
This company Getting the Data: Agilent_Technologies_Inc
!!!!!!!!The File Already Exists
################################################################################################
14
This company Getting the Data: Air_Products_&_Chemicals_Inc
!!!!!!!!The File Already Exists
################################################################################################
15
This company Getting the Data: Akamai_Technologies_Inc
!!!!!!!!The File Already Exists
################################################################################################
16
This company Getting the Data: Alaska_Air_Group_Inc
!!!!!!!!The File Already Exists
################################################################################################
17
This company Getting the Data: Albemarle_Corp
!!!!!!!!The File Already Exists
################################################################################################
18
This company Getting the Data: Alexion_Pharmaceuticals
!!!!!!!!The File Already Exists
################################################################################################
19
This company Getting the Data: Allegion
!!!!!!!!The File Already Exists
################################################################################################
20
This company Getting the Data: Allergan,_Plc
!!!!!!!!The File Already Exists
################################################################################################
21
This company Getting the Data: Alliance_Data_Systems
!!!!!!!!The File Already Exists
################################################################################################
22
This company Getting the Data: Alliant_Energy_Corp
!!!!!!!!The File Already Exists
################################################################################################
23
This company Getting the Data: Allstate_Corp
!!!!!!!!The File Already Exists
################################################################################################
24
This company Getting the Data: Alphabet_Inc_Class_A
!!!!!!!!The File Already Exists
################################################################################################
25
This company Getting the Data: Alphabet_Inc_Class_C
!!!!!!!!The File Already Exists
################################################################################################
26
This company Getting the Data: Altria_Group_Inc
!!!!!!!!The File Already Exists
################################################################################################
27
This company Getting the Data: Amazon.com_Inc
!!!!!!!!The File Already Exists
################################################################################################
28
This company Getting the Data: Ameren_Corp
!!!!!!!!The File Already Exists
################################################################################################
29
This company Getting the Data: American_Airlines_Group
!!!!!!!!The File Already Exists
################################################################################################
30
This company Getting the Data: American_Electric_Power
!!!!!!!!The File Already Exists
################################################################################################
31
This company Getting the Data: American_Express_Co
!!!!!!!!The File Already Exists
################################################################################################
32
This company Getting the Data: American_International_Group,_Inc.
!!!!!!!!The File Already Exists
################################################################################################
33
This company Getting the Data: American_Tower_Corp_A
!!!!!!!!The File Already Exists
################################################################################################
34
This company Getting the Data: American_Water_Works_Company_Inc
!!!!!!!!The File Already Exists
################################################################################################
35
This company Getting the Data: Ameriprise_Financial
!!!!!!!!The File Already Exists
################################################################################################
36
This company Getting the Data: AmerisourceBergen_Corp
!!!!!!!!The File Already Exists
################################################################################################
37
This company Getting the Data: AMETEK_Inc
!!!!!!!!The File Already Exists
################################################################################################
38
This company Getting the Data: Amgen_Inc
!!!!!!!!The File Already Exists
################################################################################################
39
This company Getting the Data: Amphenol_Corp
!!!!!!!!The File Already Exists
################################################################################################
40
This company Getting the Data: Anadarko_Petroleum_Corp
!!!!!!!!The File Already Exists
################################################################################################
41
This company Getting the Data: Analog_Devices,_Inc.
!!!!!!!!The File Already Exists
################################################################################################
42
This company Getting the Data: Anthem_Inc.
!!!!!!!!The File Already Exists
################################################################################################
43
This company Getting the Data: Aon_plc
!!!!!!!!The File Already Exists
################################################################################################
44
This company Getting the Data: Apache_Corporation
!!!!!!!!The File Already Exists
################################################################################################
45
This company Getting the Data: Apartment_Investment_&_Mgmt
!!!!!!!!The File Already Exists
################################################################################################
46
This company Getting the Data: Apple_Inc.
!!!!!!!!The File Already Exists
################################################################################################
47
This company Getting the Data: Applied_Materials_Inc
!!!!!!!!The File Already Exists
################################################################################################
48
This company Getting the Data: Archer-Daniels-Midland_Co
!!!!!!!!The File Already Exists
################################################################################################
49
This company Getting the Data: Arconic_Inc
!!!!!!!!The File Already Exists
################################################################################################
50
This company Getting the Data: Arthur_J._Gallagher_&_Co.
!!!!!!!!The File Already Exists
################################################################################################
51
This company Getting the Data: Assurant_Inc
!!!!!!!!The File Already Exists
################################################################################################
52
This company Getting the Data: AT&T_Inc
!!!!!!!!The File Already Exists
################################################################################################
53
This company Getting the Data: Autodesk_Inc
!!!!!!!!The File Already Exists
################################################################################################
54
This company Getting the Data: Automatic_Data_Processing
!!!!!!!!The File Already Exists
################################################################################################
55
This company Getting the Data: AutoNation_Inc
!!!!!!!!The File Already Exists
################################################################################################
56
This company Getting the Data: AutoZone_Inc
!!!!!!!!The File Already Exists
################################################################################################
57
This company Getting the Data: AvalonBay_Communities,_Inc.
!!!!!!!!The File Already Exists
################################################################################################
58
This company Getting the Data: Avery_Dennison_Corp
!!!!!!!!The File Already Exists
################################################################################################
59
This company Getting the Data: Baker_Hughes_Inc
!!!!!!!!The File Already Exists
################################################################################################
60
This company Getting the Data: Ball_Corp
!!!!!!!!The File Already Exists
################################################################################################
61
This company Getting the Data: Bank_of_America_Corp
!!!!!!!!The File Already Exists
################################################################################################
62
This company Getting the Data: Bard_(C.R.)_Inc.
!!!!!!!!The File Already Exists
################################################################################################
63
This company Getting the Data: Baxter_International_Inc.
!!!!!!!!The File Already Exists
################################################################################################
64
This company Getting the Data: BB&T_Corporation
!!!!!!!!The File Already Exists
################################################################################################
65
This company Getting the Data: Becton_Dickinson
!!!!!!!!The File Already Exists
################################################################################################
66
This company Getting the Data: Bed_Bath_&_Beyond
!!!!!!!!The File Already Exists
################################################################################################
67
This company Getting the Data: Berkshire_Hathaway
!!!!!!!!The File Already Exists
################################################################################################
68
This company Getting the Data: Best_Buy_Co._Inc.
!!!!!!!!The File Already Exists
################################################################################################
69
This company Getting the Data: BIOGEN_IDEC_Inc.
!!!!!!!!The File Already Exists
################################################################################################
70
This company Getting the Data: BlackRock
!!!!!!!!The File Already Exists
################################################################################################
71
This company Getting the Data: Block_H&R
!!!!!!!!The File Already Exists
################################################################################################
72
This company Getting the Data: Boeing_Company
!!!!!!!!The File Already Exists
################################################################################################
73
This company Getting the Data: BorgWarner
!!!!!!!!The File Already Exists
################################################################################################
74
This company Getting the Data: Boston_Properties
!!!!!!!!The File Already Exists
################################################################################################
75
This company Getting the Data: Boston_Scientific
!!!!!!!!The File Already Exists
################################################################################################
76
This company Getting the Data: Bristol-Myers_Squibb
!!!!!!!!The File Already Exists
################################################################################################
77
This company Getting the Data: Broadcom
!!!!!!!!The File Already Exists
################################################################################################
78
This company Getting the Data: Brown-Forman_Corp.
========COMPANY_DATA PROBLEM: Brown-Forman_Corp.      BF.B
################################################################################################
79
This company Getting the Data: C._H._Robinson_Worldwide
!!!!!!!!The File Already Exists
################################################################################################
80
This company Getting the Data: CA,_Inc.
!!!!!!!!The File Already Exists
################################################################################################
81
This company Getting the Data: Cabot_Oil_&_Gas
!!!!!!!!The File Already Exists
################################################################################################
82
This company Getting the Data: Campbell_Soup
!!!!!!!!The File Already Exists
################################################################################################
83
This company Getting the Data: Capital_One_Financial
!!!!!!!!The File Already Exists
################################################################################################
84
This company Getting the Data: Cardinal_Health_Inc.
!!!!!!!!The File Already Exists
################################################################################################
85
This company Getting the Data: Carmax_Inc
!!!!!!!!The File Already Exists
################################################################################################
86
This company Getting the Data: Carnival_Corp.
!!!!!!!!The File Already Exists
################################################################################################
87
This company Getting the Data: Caterpillar_Inc.
!!!!!!!!The File Already Exists
################################################################################################
88
This company Getting the Data: CBOE_Holdings
!!!!!!!!The File Already Exists
################################################################################################
89
This company Getting the Data: CBRE_Group
!!!!!!!!The File Already Exists
################################################################################################
90
This company Getting the Data: CBS_Corp.
!!!!!!!!The File Already Exists
################################################################################################
91
This company Getting the Data: Celgene_Corp.
!!!!!!!!The File Already Exists
################################################################################################
92
This company Getting the Data: Centene_Corporation
!!!!!!!!The File Already Exists
################################################################################################
93
This company Getting the Data: CenterPoint_Energy
!!!!!!!!The File Already Exists
################################################################################################
94
This company Getting the Data: CenturyLink_Inc
!!!!!!!!The File Already Exists
################################################################################################
95
This company Getting the Data: Cerner
!!!!!!!!The File Already Exists
################################################################################################
96
This company Getting the Data: CF_Industries_Holdings_Inc
!!!!!!!!The File Already Exists
################################################################################################
97
This company Getting the Data: Charles_Schwab_Corporation
!!!!!!!!The File Already Exists
################################################################################################
98
This company Getting the Data: Charter_Communications
!!!!!!!!The File Already Exists
################################################################################################
99
This company Getting the Data: Chesapeake_Energy
!!!!!!!!The File Already Exists
################################################################################################
100
This company Getting the Data: Chevron_Corp.
!!!!!!!!The File Already Exists
################################################################################################
101
This company Getting the Data: Chipotle_Mexican_Grill
!!!!!!!!The File Already Exists
################################################################################################
102
This company Getting the Data: Chubb_Limited
!!!!!!!!The File Already Exists
################################################################################################
103
This company Getting the Data: Church_&_Dwight
!!!!!!!!The File Already Exists
################################################################################################
104
This company Getting the Data: CIGNA_Corp.
!!!!!!!!The File Already Exists
################################################################################################
105
This company Getting the Data: Cimarex_Energy
!!!!!!!!The File Already Exists
################################################################################################
106
This company Getting the Data: Cincinnati_Financial
!!!!!!!!The File Already Exists
################################################################################################
107
This company Getting the Data: Cintas_Corporation
!!!!!!!!The File Already Exists
################################################################################################
108
This company Getting the Data: Cisco_Systems
!!!!!!!!The File Already Exists
################################################################################################
109
This company Getting the Data: Citigroup_Inc.
!!!!!!!!The File Already Exists
################################################################################################
110
This company Getting the Data: Citizens_Financial_Group
!!!!!!!!The File Already Exists
################################################################################################
111
This company Getting the Data: Citrix_Systems
!!!!!!!!The File Already Exists
################################################################################################
112
This company Getting the Data: CME_Group_Inc.
!!!!!!!!The File Already Exists
################################################################################################
113
This company Getting the Data: CMS_Energy
!!!!!!!!The File Already Exists
################################################################################################
114
This company Getting the Data: Coach_Inc.
!!!!!!!!The File Already Exists
################################################################################################
115
This company Getting the Data: Coca_Cola_Company
!!!!!!!!The File Already Exists
################################################################################################
116
This company Getting the Data: Cognizant_Technology_Solutions
!!!!!!!!The File Already Exists
################################################################################################
117
This company Getting the Data: Colgate-Palmolive
!!!!!!!!The File Already Exists
################################################################################################
118
This company Getting the Data: Comcast_Corp.
!!!!!!!!The File Already Exists
################################################################################################
119
This company Getting the Data: Comerica_Inc.
!!!!!!!!The File Already Exists
################################################################################################
120
This company Getting the Data: ConAgra_Foods_Inc.
!!!!!!!!The File Already Exists
################################################################################################
121
This company Getting the Data: Concho_Resources
!!!!!!!!The File Already Exists
################################################################################################
122
This company Getting the Data: ConocoPhillips
!!!!!!!!The File Already Exists
################################################################################################
123
This company Getting the Data: Consolidated_Edison
!!!!!!!!The File Already Exists
################################################################################################
124
This company Getting the Data: Constellation_Brands
!!!!!!!!The File Already Exists
################################################################################################
125
This company Getting the Data: Corning_Inc.
!!!!!!!!The File Already Exists
################################################################################################
126
This company Getting the Data: Costco_Co.
!!!!!!!!The File Already Exists
################################################################################################
127
This company Getting the Data: Coty,_Inc
!!!!!!!!The File Already Exists
################################################################################################
128
This company Getting the Data: Crown_Castle_International_Corp.
!!!!!!!!The File Already Exists
################################################################################################
129
This company Getting the Data: CSRA_Inc.
!!!!!!!!The File Already Exists
################################################################################################
130
This company Getting the Data: CSX_Corp.
!!!!!!!!The File Already Exists
################################################################################################
131
This company Getting the Data: Cummins_Inc.
!!!!!!!!The File Already Exists
################################################################################################
132
This company Getting the Data: CVS_Health
!!!!!!!!The File Already Exists
################################################################################################
133
This company Getting the Data: D._R._Horton
!!!!!!!!The File Already Exists
################################################################################################
134
This company Getting the Data: Danaher_Corp.
!!!!!!!!The File Already Exists
################################################################################################
135
This company Getting the Data: Darden_Restaurants
!!!!!!!!The File Already Exists
################################################################################################
136
This company Getting the Data: DaVita_Inc.
!!!!!!!!The File Already Exists
################################################################################################
137
This company Getting the Data: Deere_&_Co.
!!!!!!!!The File Already Exists
################################################################################################
138
This company Getting the Data: Delphi_Automotive
!!!!!!!!The File Already Exists
################################################################################################
139
This company Getting the Data: Delta_Air_Lines
!!!!!!!!The File Already Exists
################################################################################################
140
This company Getting the Data: Dentsply_Sirona
!!!!!!!!The File Already Exists
################################################################################################
141
This company Getting the Data: Devon_Energy_Corp.
!!!!!!!!The File Already Exists
################################################################################################
142
This company Getting the Data: Digital_Realty_Trust
!!!!!!!!The File Already Exists
################################################################################################
143
This company Getting the Data: Discover_Financial_Services
!!!!!!!!The File Already Exists
################################################################################################
144
This company Getting the Data: Discovery_Communications-A
!!!!!!!!The File Already Exists
################################################################################################
145
This company Getting the Data: Discovery_Communications-C
!!!!!!!!The File Already Exists
################################################################################################
146
This company Getting the Data: Dollar_General
!!!!!!!!The File Already Exists
################################################################################################
147
This company Getting the Data: Dollar_Tree
!!!!!!!!The File Already Exists
################################################################################################
148
This company Getting the Data: Dominion_Resources
!!!!!!!!The File Already Exists
################################################################################################
149
This company Getting the Data: Dover_Corp.
!!!!!!!!The File Already Exists
################################################################################################
150
This company Getting the Data: Dow_Chemical
!!!!!!!!The File Already Exists
################################################################################################
151
This company Getting the Data: Dr_Pepper_Snapple_Group
!!!!!!!!The File Already Exists
################################################################################################
152
This company Getting the Data: DTE_Energy_Co.
!!!!!!!!The File Already Exists
################################################################################################
153
This company Getting the Data: Du_Pont_(E.I.)
!!!!!!!!The File Already Exists
################################################################################################
154
This company Getting the Data: Duke_Energy
!!!!!!!!The File Already Exists
################################################################################################
155
This company Getting the Data: Dun_&_Bradstreet
!!!!!!!!The File Already Exists
################################################################################################
156
This company Getting the Data: E*Trade
!!!!!!!!The File Already Exists
################################################################################################
157
This company Getting the Data: Eastman_Chemical
!!!!!!!!The File Already Exists
################################################################################################
158
This company Getting the Data: Eaton_Corporation
!!!!!!!!The File Already Exists
################################################################################################
159
This company Getting the Data: eBay_Inc.
!!!!!!!!The File Already Exists
################################################################################################
160
This company Getting the Data: Ecolab_Inc.
!!!!!!!!The File Already Exists
################################################################################################
161
This company Getting the Data: Edison_Int'l
!!!!!!!!The File Already Exists
################################################################################################
162
This company Getting the Data: Edwards_Lifesciences
!!!!!!!!The File Already Exists
################################################################################################
163
This company Getting the Data: Electronic_Arts
!!!!!!!!The File Already Exists
################################################################################################
164
This company Getting the Data: Emerson_Electric_Company
!!!!!!!!The File Already Exists
################################################################################################
165
This company Getting the Data: Entergy_Corp.
!!!!!!!!The File Already Exists
################################################################################################
166
This company Getting the Data: Envision_Healthcare
!!!!!!!!The File Already Exists
################################################################################################
167
This company Getting the Data: EOG_Resources
!!!!!!!!The File Already Exists
################################################################################################
168
This company Getting the Data: EQT_Corporation
!!!!!!!!The File Already Exists
################################################################################################
169
This company Getting the Data: Equifax_Inc.
!!!!!!!!The File Already Exists
################################################################################################
170
This company Getting the Data: Equinix
!!!!!!!!The File Already Exists
################################################################################################
171
This company Getting the Data: Equity_Residential
!!!!!!!!The File Already Exists
################################################################################################
172
This company Getting the Data: Essex_Property_Trust,_Inc.
!!!!!!!!The File Already Exists
################################################################################################
173
This company Getting the Data: Estee_Lauder_Cos.
!!!!!!!!The File Already Exists
################################################################################################
174
This company Getting the Data: Eversource_Energy
!!!!!!!!The File Already Exists
################################################################################################
175
This company Getting the Data: Exelon_Corp.
!!!!!!!!The File Already Exists
################################################################################################
176
This company Getting the Data: Expedia_Inc.
!!!!!!!!The File Already Exists
################################################################################################
177
This company Getting the Data: Expeditors_Int'l
!!!!!!!!The File Already Exists
################################################################################################
178
This company Getting the Data: Express_Scripts
!!!!!!!!The File Already Exists
################################################################################################
179
This company Getting the Data: Extra_Space_Storage
!!!!!!!!The File Already Exists
################################################################################################
180
This company Getting the Data: Exxon_Mobil_Corp.
!!!!!!!!The File Already Exists
################################################################################################
181
This company Getting the Data: F5_Networks
!!!!!!!!The File Already Exists
################################################################################################
182
This company Getting the Data: Facebook,_Inc.
!!!!!!!!The File Already Exists
################################################################################################
183
This company Getting the Data: Fastenal_Co
!!!!!!!!The File Already Exists
################################################################################################
184
This company Getting the Data: Federal_Realty_Investment_Trust
!!!!!!!!The File Already Exists
################################################################################################
185
This company Getting the Data: FedEx_Corporation
!!!!!!!!The File Already Exists
################################################################################################
186
This company Getting the Data: Fidelity_National_Information_Services
!!!!!!!!The File Already Exists
################################################################################################
187
This company Getting the Data: Fifth_Third_Bancorp
!!!!!!!!The File Already Exists
################################################################################################
188
This company Getting the Data: First_Solar_Inc
!!!!!!!!The File Already Exists
################################################################################################
189
This company Getting the Data: FirstEnergy_Corp
!!!!!!!!The File Already Exists
################################################################################################
190
This company Getting the Data: Fiserv_Inc
!!!!!!!!The File Already Exists
################################################################################################
191
This company Getting the Data: FLIR_Systems
!!!!!!!!The File Already Exists
################################################################################################
192
This company Getting the Data: Flowserve_Corporation
!!!!!!!!The File Already Exists
################################################################################################
193
This company Getting the Data: Fluor_Corp.
!!!!!!!!The File Already Exists
################################################################################################
194
This company Getting the Data: FMC_Corporation
!!!!!!!!The File Already Exists
################################################################################################
195
This company Getting the Data: FMC_Technologies_Inc.
!!!!!!!!The File Already Exists
################################################################################################
196
This company Getting the Data: Foot_Locker_Inc
!!!!!!!!The File Already Exists
################################################################################################
197
This company Getting the Data: Ford_Motor
!!!!!!!!The File Already Exists
################################################################################################
198
This company Getting the Data: Fortive_Corp
!!!!!!!!The File Already Exists
################################################################################################
199
This company Getting the Data: Fortune_Brands_Home_&_Security
!!!!!!!!The File Already Exists
################################################################################################
200
This company Getting the Data: Franklin_Resources
!!!!!!!!The File Already Exists
################################################################################################
201
This company Getting the Data: Freeport-McMoRan_Inc.
!!!!!!!!The File Already Exists
################################################################################################
202
This company Getting the Data: Frontier_Communications
!!!!!!!!The File Already Exists
################################################################################################
203
This company Getting the Data: Gap_(The)
!!!!!!!!The File Already Exists
################################################################################################
204
This company Getting the Data: Garmin_Ltd.
!!!!!!!!The File Already Exists
################################################################################################
205
This company Getting the Data: General_Dynamics
!!!!!!!!The File Already Exists
################################################################################################
206
This company Getting the Data: General_Electric
!!!!!!!!The File Already Exists
################################################################################################
207
This company Getting the Data: General_Growth_Properties_Inc.
!!!!!!!!The File Already Exists
################################################################################################
208
This company Getting the Data: General_Mills
!!!!!!!!The File Already Exists
################################################################################################
209
This company Getting the Data: General_Motors
!!!!!!!!The File Already Exists
################################################################################################
210
This company Getting the Data: Genuine_Parts
!!!!!!!!The File Already Exists
################################################################################################
211
This company Getting the Data: Gilead_Sciences
!!!!!!!!The File Already Exists
################################################################################################
212
This company Getting the Data: Global_Payments_Inc
!!!!!!!!The File Already Exists
################################################################################################
213
This company Getting the Data: Goldman_Sachs_Group
!!!!!!!!The File Already Exists
################################################################################################
214
This company Getting the Data: Goodyear_Tire_&_Rubber
!!!!!!!!The File Already Exists
################################################################################################
215
This company Getting the Data: Grainger_(W.W.)_Inc.
!!!!!!!!The File Already Exists
################################################################################################
216
This company Getting the Data: Halliburton_Co.
!!!!!!!!The File Already Exists
################################################################################################
217
This company Getting the Data: Hanesbrands_Inc
!!!!!!!!The File Already Exists
################################################################################################
218
This company Getting the Data: Harley-Davidson
!!!!!!!!The File Already Exists
################################################################################################
219
This company Getting the Data: Harman_Int'l_Industries
!!!!!!!!The File Already Exists
################################################################################################
220
This company Getting the Data: Harris_Corporation
!!!!!!!!The File Already Exists
################################################################################################
221
This company Getting the Data: Hartford_Financial_Svc.Gp.
!!!!!!!!The File Already Exists
################################################################################################
222
This company Getting the Data: Hasbro_Inc.
!!!!!!!!The File Already Exists
################################################################################################
223
This company Getting the Data: HCA_Holdings
!!!!!!!!The File Already Exists
################################################################################################
224
This company Getting the Data: HCP_Inc.
!!!!!!!!The File Already Exists
################################################################################################
225
This company Getting the Data: Helmerich_&_Payne
!!!!!!!!The File Already Exists
################################################################################################
226
This company Getting the Data: Henry_Schein
!!!!!!!!The File Already Exists
################################################################################################
227
This company Getting the Data: Hess_Corporation
!!!!!!!!The File Already Exists
################################################################################################
228
This company Getting the Data: Hewlett_Packard_Enterprise
!!!!!!!!The File Already Exists
################################################################################################
229
This company Getting the Data: Hologic
!!!!!!!!The File Already Exists
################################################################################################
230
This company Getting the Data: Home_Depot
!!!!!!!!The File Already Exists
################################################################################################
231
This company Getting the Data: Honeywell_Int'l_Inc.
!!!!!!!!The File Already Exists
################################################################################################
232
This company Getting the Data: Hormel_Foods_Corp.
!!!!!!!!The File Already Exists
################################################################################################
233
This company Getting the Data: Host_Hotels_&_Resorts
!!!!!!!!The File Already Exists
################################################################################################
234
This company Getting the Data: HP_Inc.
!!!!!!!!The File Already Exists
################################################################################################
235
This company Getting the Data: Humana_Inc.
!!!!!!!!The File Already Exists
################################################################################################
236
This company Getting the Data: Huntington_Bancshares
!!!!!!!!The File Already Exists
################################################################################################
237
This company Getting the Data: IDEXX_Laboratories
!!!!!!!!The File Already Exists
################################################################################################
238
This company Getting the Data: Illinois_Tool_Works
!!!!!!!!The File Already Exists
################################################################################################
239
This company Getting the Data: Illumina_Inc
!!!!!!!!The File Already Exists
################################################################################################
240
This company Getting the Data: Incyte
!!!!!!!!The File Already Exists
################################################################################################
241
This company Getting the Data: Ingersoll-Rand_PLC
!!!!!!!!The File Already Exists
################################################################################################
242
This company Getting the Data: Intel_Corp.
!!!!!!!!The File Already Exists
################################################################################################
243
This company Getting the Data: Intercontinental_Exchange
!!!!!!!!The File Already Exists
################################################################################################
244
This company Getting the Data: International_Business_Machines
!!!!!!!!The File Already Exists
################################################################################################
245
This company Getting the Data: International_Paper
!!!!!!!!The File Already Exists
################################################################################################
246
This company Getting the Data: Interpublic_Group
!!!!!!!!The File Already Exists
################################################################################################
247
This company Getting the Data: Intl_Flavors_&_Fragrances
!!!!!!!!The File Already Exists
################################################################################################
248
This company Getting the Data: Intuit_Inc.
!!!!!!!!The File Already Exists
################################################################################################
249
This company Getting the Data: Intuitive_Surgical_Inc.
!!!!!!!!The File Already Exists
################################################################################################
250
This company Getting the Data: Invesco_Ltd.
!!!!!!!!The File Already Exists
################################################################################################
251
This company Getting the Data: Iron_Mountain_Incorporated
!!!!!!!!The File Already Exists
################################################################################################
252
This company Getting the Data: J._B._Hunt_Transport_Services
!!!!!!!!The File Already Exists
################################################################################################
253
This company Getting the Data: Jacobs_Engineering_Group
!!!!!!!!The File Already Exists
################################################################################################
254
This company Getting the Data: JM_Smucker
!!!!!!!!The File Already Exists
################################################################################################
255
This company Getting the Data: Johnson_&_Johnson
!!!!!!!!The File Already Exists
################################################################################################
256
This company Getting the Data: Johnson_Controls_International
!!!!!!!!The File Already Exists
################################################################################################
257
This company Getting the Data: JPMorgan_Chase_&_Co.
!!!!!!!!The File Already Exists
################################################################################################
258
This company Getting the Data: Juniper_Networks
!!!!!!!!The File Already Exists
################################################################################################
259
This company Getting the Data: Kansas_City_Southern
!!!!!!!!The File Already Exists
################################################################################################
260
This company Getting the Data: Kellogg_Co.
!!!!!!!!The File Already Exists
################################################################################################
261
This company Getting the Data: KeyCorp
!!!!!!!!The File Already Exists
################################################################################################
262
This company Getting the Data: Kimberly-Clark
!!!!!!!!The File Already Exists
################################################################################################
263
This company Getting the Data: Kimco_Realty
!!!!!!!!The File Already Exists
################################################################################################
264
This company Getting the Data: Kinder_Morgan
!!!!!!!!The File Already Exists
################################################################################################
265
This company Getting the Data: KLA-Tencor_Corp.
!!!!!!!!The File Already Exists
################################################################################################
266
This company Getting the Data: Kohl's_Corp.
!!!!!!!!The File Already Exists
################################################################################################
267
This company Getting the Data: Kraft_Heinz_Co
!!!!!!!!The File Already Exists
################################################################################################
268
This company Getting the Data: Kroger_Co.
!!!!!!!!The File Already Exists
################################################################################################
269
This company Getting the Data: L_Brands_Inc.
!!!!!!!!The File Already Exists
################################################################################################
270
This company Getting the Data: L-3_Communications_Holdings
!!!!!!!!The File Already Exists
################################################################################################
271
This company Getting the Data: Laboratory_Corp._of_America_Holding
!!!!!!!!The File Already Exists
################################################################################################
272
This company Getting the Data: Lam_Research
!!!!!!!!The File Already Exists
################################################################################################
273
This company Getting the Data: Leggett_&_Platt
!!!!!!!!The File Already Exists
################################################################################################
274
This company Getting the Data: Lennar_Corp.
!!!!!!!!The File Already Exists
################################################################################################
275
This company Getting the Data: Leucadia_National_Corp.
!!!!!!!!The File Already Exists
################################################################################################
276
This company Getting the Data: Level_3_Communications
!!!!!!!!The File Already Exists
################################################################################################
277
This company Getting the Data: Lilly_(Eli)_&_Co.
!!!!!!!!The File Already Exists
################################################################################################
278
This company Getting the Data: Lincoln_National
!!!!!!!!The File Already Exists
################################################################################################
279
This company Getting the Data: Linear_Technology_Corp.
!!!!!!!!The File Already Exists
################################################################################################
280
This company Getting the Data: LKQ_Corporation
!!!!!!!!The File Already Exists
################################################################################################
281
This company Getting the Data: Lockheed_Martin_Corp.
!!!!!!!!The File Already Exists
################################################################################################
282
This company Getting the Data: Loews_Corp.
!!!!!!!!The File Already Exists
################################################################################################
283
This company Getting the Data: Lowe's_Cos.
!!!!!!!!The File Already Exists
################################################################################################
284
This company Getting the Data: LyondellBasell
!!!!!!!!The File Already Exists
################################################################################################
285
This company Getting the Data: M&T_Bank_Corp.
!!!!!!!!The File Already Exists
################################################################################################
286
This company Getting the Data: Macerich
!!!!!!!!The File Already Exists
################################################################################################
287
This company Getting the Data: Macy's_Inc.
!!!!!!!!The File Already Exists
################################################################################################
288
This company Getting the Data: Mallinckrodt_Plc
!!!!!!!!The File Already Exists
################################################################################################
289
This company Getting the Data: Marathon_Oil_Corp.
!!!!!!!!The File Already Exists
################################################################################################
290
This company Getting the Data: Marathon_Petroleum
!!!!!!!!The File Already Exists
################################################################################################
291
This company Getting the Data: Marriott_Int'l.
!!!!!!!!The File Already Exists
################################################################################################
292
This company Getting the Data: Marsh_&_McLennan
!!!!!!!!The File Already Exists
################################################################################################
293
This company Getting the Data: Martin_Marietta_Materials
!!!!!!!!The File Already Exists
################################################################################################
294
This company Getting the Data: Masco_Corp.
!!!!!!!!The File Already Exists
################################################################################################
295
This company Getting the Data: Mastercard_Inc.
!!!!!!!!The File Already Exists
################################################################################################
296
This company Getting the Data: Mattel_Inc.
!!!!!!!!The File Already Exists
################################################################################################
297
This company Getting the Data: McCormick_&_Co.
!!!!!!!!The File Already Exists
################################################################################################
298
This company Getting the Data: McDonald's_Corp.
!!!!!!!!The File Already Exists
################################################################################################
299
This company Getting the Data: McKesson_Corp.
!!!!!!!!The File Already Exists
################################################################################################
300
This company Getting the Data: Mead_Johnson
!!!!!!!!The File Already Exists
################################################################################################
301
This company Getting the Data: Medtronic_plc
!!!!!!!!The File Already Exists
################################################################################################
302
This company Getting the Data: Merck_&_Co.
!!!!!!!!The File Already Exists
################################################################################################
303
This company Getting the Data: MetLife_Inc.
!!!!!!!!The File Already Exists
################################################################################################
304
This company Getting the Data: Mettler_Toledo
!!!!!!!!The File Already Exists
################################################################################################
305
This company Getting the Data: Michael_Kors_Holdings
!!!!!!!!The File Already Exists
################################################################################################
306
This company Getting the Data: Microchip_Technology
!!!!!!!!The File Already Exists
################################################################################################
307
This company Getting the Data: Micron_Technology
!!!!!!!!The File Already Exists
################################################################################################
308
This company Getting the Data: Microsoft_Corp.
!!!!!!!!The File Already Exists
################################################################################################
309
This company Getting the Data: Mid-America_Apartments
!!!!!!!!The File Already Exists
################################################################################################
310
This company Getting the Data: Mohawk_Industries
!!!!!!!!The File Already Exists
################################################################################################
311
This company Getting the Data: Molson_Coors_Brewing_Company
!!!!!!!!The File Already Exists
################################################################################################
312
This company Getting the Data: Mondelez_International
!!!!!!!!The File Already Exists
################################################################################################
313
This company Getting the Data: Monsanto_Co.
!!!!!!!!The File Already Exists
################################################################################################
314
This company Getting the Data: Monster_Beverage
!!!!!!!!The File Already Exists
################################################################################################
315
This company Getting the Data: Moody's_Corp
!!!!!!!!The File Already Exists
################################################################################################
316
This company Getting the Data: Morgan_Stanley
!!!!!!!!The File Already Exists
################################################################################################
317
This company Getting the Data: Motorola_Solutions_Inc.
!!!!!!!!The File Already Exists
################################################################################################
318
This company Getting the Data: Murphy_Oil
!!!!!!!!The File Already Exists
################################################################################################
319
This company Getting the Data: Mylan_N.V.
!!!!!!!!The File Already Exists
################################################################################################
320
This company Getting the Data: NASDAQ_OMX_Group
!!!!!!!!The File Already Exists
################################################################################################
321
This company Getting the Data: National_Oilwell_Varco_Inc.
!!!!!!!!The File Already Exists
################################################################################################
322
This company Getting the Data: Navient
!!!!!!!!The File Already Exists
################################################################################################
323
This company Getting the Data: NetApp
!!!!!!!!The File Already Exists
################################################################################################
324
This company Getting the Data: Netflix_Inc.
!!!!!!!!The File Already Exists
################################################################################################
325
This company Getting the Data: Newell_Brands
!!!!!!!!The File Already Exists
################################################################################################
326
This company Getting the Data: Newfield_Exploration_Co
!!!!!!!!The File Already Exists
################################################################################################
327
This company Getting the Data: Newmont_Mining_Corp._(Hldg._Co.)
!!!!!!!!The File Already Exists
################################################################################################
328
This company Getting the Data: News_Corp._Class_A
!!!!!!!!The File Already Exists
################################################################################################
329
This company Getting the Data: News_Corp._Class_B
!!!!!!!!The File Already Exists
################################################################################################
330
This company Getting the Data: NextEra_Energy
!!!!!!!!The File Already Exists
################################################################################################
331
This company Getting the Data: Nielsen_Holdings
!!!!!!!!The File Already Exists
################################################################################################
332
This company Getting the Data: Nike
!!!!!!!!The File Already Exists
################################################################################################
333
This company Getting the Data: NiSource_Inc.
!!!!!!!!The File Already Exists
################################################################################################
334
This company Getting the Data: Noble_Energy_Inc
!!!!!!!!The File Already Exists
################################################################################################
335
This company Getting the Data: Nordstrom
!!!!!!!!The File Already Exists
################################################################################################
336
This company Getting the Data: Norfolk_Southern_Corp.
!!!!!!!!The File Already Exists
################################################################################################
337
This company Getting the Data: Northern_Trust_Corp.
!!!!!!!!The File Already Exists
################################################################################################
338
This company Getting the Data: Northrop_Grumman_Corp.
!!!!!!!!The File Already Exists
################################################################################################
339
This company Getting the Data: NRG_Energy
!!!!!!!!The File Already Exists
################################################################################################
340
This company Getting the Data: Nucor_Corp.
!!!!!!!!The File Already Exists
################################################################################################
341
This company Getting the Data: Nvidia_Corporation
!!!!!!!!The File Already Exists
################################################################################################
342
This company Getting the Data: O'Reilly_Automotive
!!!!!!!!The File Already Exists
################################################################################################
343
This company Getting the Data: Occidental_Petroleum
!!!!!!!!The File Already Exists
################################################################################################
344
This company Getting the Data: Omnicom_Group
!!!!!!!!The File Already Exists
################################################################################################
345
This company Getting the Data: ONEOK
!!!!!!!!The File Already Exists
################################################################################################
346
This company Getting the Data: Oracle_Corp.
!!!!!!!!The File Already Exists
################################################################################################
347
This company Getting the Data: PACCAR_Inc.
!!!!!!!!The File Already Exists
################################################################################################
348
This company Getting the Data: Parker-Hannifin
!!!!!!!!The File Already Exists
################################################################################################
349
This company Getting the Data: Patterson_Companies
!!!!!!!!The File Already Exists
################################################################################################
350
This company Getting the Data: Paychex_Inc.
!!!!!!!!The File Already Exists
################################################################################################
351
This company Getting the Data: PayPal
!!!!!!!!The File Already Exists
################################################################################################
352
This company Getting the Data: Pentair_Ltd.
!!!!!!!!The File Already Exists
################################################################################################
353
This company Getting the Data: People's_United_Financial
!!!!!!!!The File Already Exists
################################################################################################
354
This company Getting the Data: PepsiCo_Inc.
!!!!!!!!The File Already Exists
################################################################################################
355
This company Getting the Data: PerkinElmer
!!!!!!!!The File Already Exists
################################################################################################
356
This company Getting the Data: Perrigo
!!!!!!!!The File Already Exists
################################################################################################
357
This company Getting the Data: Pfizer_Inc.
!!!!!!!!The File Already Exists
################################################################################################
358
This company Getting the Data: PG&E_Corp.
!!!!!!!!The File Already Exists
################################################################################################
359
This company Getting the Data: Philip_Morris_International
!!!!!!!!The File Already Exists
################################################################################################
360
This company Getting the Data: Phillips_66
!!!!!!!!The File Already Exists
################################################################################################
361
This company Getting the Data: Pinnacle_West_Capital
!!!!!!!!The File Already Exists
################################################################################################
362
This company Getting the Data: Pioneer_Natural_Resources
!!!!!!!!The File Already Exists
################################################################################################
363
This company Getting the Data: PNC_Financial_Services
!!!!!!!!The File Already Exists
################################################################################################
364
This company Getting the Data: Polo_Ralph_Lauren_Corp.
!!!!!!!!The File Already Exists
################################################################################################
365
This company Getting the Data: PPG_Industries
!!!!!!!!The File Already Exists
################################################################################################
366
This company Getting the Data: PPL_Corp.
!!!!!!!!The File Already Exists
################################################################################################
367
This company Getting the Data: Praxair_Inc.
!!!!!!!!The File Already Exists
################################################################################################
368
This company Getting the Data: Priceline.com_Inc
!!!!!!!!The File Already Exists
################################################################################################
369
This company Getting the Data: Principal_Financial_Group
!!!!!!!!The File Already Exists
################################################################################################
370
This company Getting the Data: Procter_&_Gamble
!!!!!!!!The File Already Exists
################################################################################################
371
This company Getting the Data: Progressive_Corp.
!!!!!!!!The File Already Exists
################################################################################################
372
This company Getting the Data: Prologis
!!!!!!!!The File Already Exists
################################################################################################
373
This company Getting the Data: Prudential_Financial
!!!!!!!!The File Already Exists
################################################################################################
374
This company Getting the Data: Public_Serv._Enterprise_Inc.
!!!!!!!!The File Already Exists
################################################################################################
375
This company Getting the Data: Public_Storage
!!!!!!!!The File Already Exists
################################################################################################
376
This company Getting the Data: Pulte_Homes_Inc.
!!!!!!!!The File Already Exists
################################################################################################
377
This company Getting the Data: PVH_Corp.
!!!!!!!!The File Already Exists
################################################################################################
378
This company Getting the Data: Qorvo
!!!!!!!!The File Already Exists
################################################################################################
379
This company Getting the Data: QUALCOMM_Inc.
!!!!!!!!The File Already Exists
################################################################################################
380
This company Getting the Data: Quanta_Services_Inc.
!!!!!!!!The File Already Exists
################################################################################################
381
This company Getting the Data: Quest_Diagnostics
!!!!!!!!The File Already Exists
################################################################################################
382
This company Getting the Data: Range_Resources_Corp.
!!!!!!!!The File Already Exists
################################################################################################
383
This company Getting the Data: Raytheon_Co.
!!!!!!!!The File Already Exists
################################################################################################
384
This company Getting the Data: Realty_Income_Corporation
!!!!!!!!The File Already Exists
################################################################################################
385
This company Getting the Data: Red_Hat_Inc.
!!!!!!!!The File Already Exists
################################################################################################
386
This company Getting the Data: Regency_Centers_Corporation
!!!!!!!!The File Already Exists
################################################################################################
387
This company Getting the Data: Regeneron
!!!!!!!!The File Already Exists
################################################################################################
388
This company Getting the Data: Regions_Financial_Corp.
!!!!!!!!The File Already Exists
################################################################################################
389
This company Getting the Data: Republic_Services_Inc
!!!!!!!!The File Already Exists
################################################################################################
390
This company Getting the Data: Reynolds_American_Inc.
!!!!!!!!The File Already Exists
################################################################################################
391
This company Getting the Data: Robert_Half_International
!!!!!!!!The File Already Exists
################################################################################################
392
This company Getting the Data: Rockwell_Automation_Inc.
!!!!!!!!The File Already Exists
################################################################################################
393
This company Getting the Data: Rockwell_Collins
!!!!!!!!The File Already Exists
################################################################################################
394
This company Getting the Data: Roper_Industries
!!!!!!!!The File Already Exists
################################################################################################
395
This company Getting the Data: Ross_Stores
!!!!!!!!The File Already Exists
################################################################################################
396
This company Getting the Data: Royal_Caribbean_Cruises_Ltd
!!!!!!!!The File Already Exists
################################################################################################
397
This company Getting the Data: Ryder_System
!!!!!!!!The File Already Exists
################################################################################################
398
This company Getting the Data: S&P_Global,_Inc.
!!!!!!!!The File Already Exists
################################################################################################
399
This company Getting the Data: Salesforce.com
!!!!!!!!The File Already Exists
################################################################################################
400
This company Getting the Data: SCANA_Corp
!!!!!!!!The File Already Exists
################################################################################################
401
This company Getting the Data: Schlumberger_Ltd.
!!!!!!!!The File Already Exists
################################################################################################
402
This company Getting the Data: Scripps_Networks_Interactive_Inc.
!!!!!!!!The File Already Exists
################################################################################################
403
This company Getting the Data: Seagate_Technology
!!!!!!!!The File Already Exists
################################################################################################
404
This company Getting the Data: Sealed_Air
!!!!!!!!The File Already Exists
################################################################################################
405
This company Getting the Data: Sempra_Energy
!!!!!!!!The File Already Exists
################################################################################################
406
This company Getting the Data: Sherwin-Williams
!!!!!!!!The File Already Exists
################################################################################################
407
This company Getting the Data: Signet_Jewelers
!!!!!!!!The File Already Exists
################################################################################################
408
This company Getting the Data: Simon_Property_Group_Inc
!!!!!!!!The File Already Exists
################################################################################################
409
This company Getting the Data: Skyworks_Solutions
!!!!!!!!The File Already Exists
################################################################################################
410
This company Getting the Data: SL_Green_Realty
!!!!!!!!The File Already Exists
################################################################################################
411
This company Getting the Data: Snap-On_Inc.
!!!!!!!!The File Already Exists
################################################################################################
412
This company Getting the Data: Southern_Co.
!!!!!!!!The File Already Exists
################################################################################################
413
This company Getting the Data: Southwest_Airlines
!!!!!!!!The File Already Exists
################################################################################################
414
This company Getting the Data: Southwestern_Energy
!!!!!!!!The File Already Exists
################################################################################################
415
This company Getting the Data: Stanley_Black_&_Decker
!!!!!!!!The File Already Exists
################################################################################################
416
This company Getting the Data: Staples_Inc.
!!!!!!!!The File Already Exists
################################################################################################
417
This company Getting the Data: Starbucks_Corp.
!!!!!!!!The File Already Exists
################################################################################################
418
This company Getting the Data: State_Street_Corp.
!!!!!!!!The File Already Exists
################################################################################################
419
This company Getting the Data: Stericycle_Inc
!!!!!!!!The File Already Exists
################################################################################################
420
This company Getting the Data: Stryker_Corp.
!!!!!!!!The File Already Exists
################################################################################################
421
This company Getting the Data: SunTrust_Banks
!!!!!!!!The File Already Exists
################################################################################################
422
This company Getting the Data: Symantec_Corp.
!!!!!!!!The File Already Exists
################################################################################################
423
This company Getting the Data: Synchrony_Financial
!!!!!!!!The File Already Exists
################################################################################################
424
This company Getting the Data: Sysco_Corp.
!!!!!!!!The File Already Exists
################################################################################################
425
This company Getting the Data: T._Rowe_Price_Group
!!!!!!!!The File Already Exists
################################################################################################
426
This company Getting the Data: Target_Corp.
!!!!!!!!The File Already Exists
################################################################################################
427
This company Getting the Data: TE_Connectivity_Ltd.
!!!!!!!!The File Already Exists
################################################################################################
428
This company Getting the Data: Tegna,_Inc.
!!!!!!!!The File Already Exists
################################################################################################
429
This company Getting the Data: Teradata_Corp.
!!!!!!!!The File Already Exists
################################################################################################
430
This company Getting the Data: Tesoro_Petroleum_Co.
--------PROBLEM IN FETECHING DATA
################################################################################################
431
This company Getting the Data: Texas_Instruments
!!!!!!!!The File Already Exists
################################################################################################
432
This company Getting the Data: Textron_Inc.
!!!!!!!!The File Already Exists
################################################################################################
433
This company Getting the Data: The_Bank_of_New_York_Mellon_Corp.
!!!!!!!!The File Already Exists
################################################################################################
434
This company Getting the Data: The_Clorox_Company
!!!!!!!!The File Already Exists
################################################################################################
435
This company Getting the Data: The_Cooper_Companies
!!!!!!!!The File Already Exists
################################################################################################
436
This company Getting the Data: The_Hershey_Company
!!!!!!!!The File Already Exists
################################################################################################
437
This company Getting the Data: The_Mosaic_Company
!!!!!!!!The File Already Exists
################################################################################################
438
This company Getting the Data: The_Travelers_Companies_Inc.
!!!!!!!!The File Already Exists
################################################################################################
439
This company Getting the Data: The_Walt_Disney_Company
!!!!!!!!The File Already Exists
################################################################################################
440
This company Getting the Data: Thermo_Fisher_Scientific
!!!!!!!!The File Already Exists
################################################################################################
441
This company Getting the Data: Tiffany_&_Co.
!!!!!!!!The File Already Exists
################################################################################################
442
This company Getting the Data: Time_Warner_Inc.
!!!!!!!!The File Already Exists
################################################################################################
443
This company Getting the Data: TJX_Companies_Inc.
!!!!!!!!The File Already Exists
################################################################################################
444
This company Getting the Data: Torchmark_Corp.
!!!!!!!!The File Already Exists
################################################################################################
445
This company Getting the Data: Total_System_Services
!!!!!!!!The File Already Exists
################################################################################################
446
This company Getting the Data: Tractor_Supply_Company
!!!!!!!!The File Already Exists
################################################################################################
447
This company Getting the Data: TransDigm_Group
!!!!!!!!The File Already Exists
################################################################################################
448
This company Getting the Data: Transocean
!!!!!!!!The File Already Exists
################################################################################################
449
This company Getting the Data: TripAdvisor
!!!!!!!!The File Already Exists
################################################################################################
450
This company Getting the Data: Twenty-First_Century_Fox_Class_A
!!!!!!!!The File Already Exists
################################################################################################
451
This company Getting the Data: Twenty-First_Century_Fox_Class_B
!!!!!!!!The File Already Exists
################################################################################################
452
This company Getting the Data: Tyson_Foods
!!!!!!!!The File Already Exists
################################################################################################
453
This company Getting the Data: U.S._Bancorp
!!!!!!!!The File Already Exists
################################################################################################
454
This company Getting the Data: UDR_Inc
!!!!!!!!The File Already Exists
################################################################################################
455
This company Getting the Data: Ulta_Salon_Cosmetics_&_Fragrance_Inc
!!!!!!!!The File Already Exists
################################################################################################
456
This company Getting the Data: Under_Armour
!!!!!!!!The File Already Exists
################################################################################################
457
This company Getting the Data: Under_Armour
!!!!!!!!The File Already Exists
################################################################################################
458
This company Getting the Data: Union_Pacific
!!!!!!!!The File Already Exists
################################################################################################
459
This company Getting the Data: United_Continental_Holdings
There is no new data point
Just Updating the meta Data
################################################################################################
460
This company Getting the Data: United_Health_Group_Inc.
There is no new data point
Just Updating the meta Data
################################################################################################
461
This company Getting the Data: United_Parcel_Service
There is no new data point
Just Updating the meta Data
################################################################################################
462
This company Getting the Data: United_Rentals,_Inc.
There is no new data point
Just Updating the meta Data
################################################################################################
463
This company Getting the Data: United_Technologies
There is no new data point
Just Updating the meta Data
################################################################################################
464
This company Getting the Data: Universal_Health_Services,_Inc.
There is no new data point
Just Updating the meta Data
################################################################################################
465
This company Getting the Data: Unum_Group
There is no new data point
Just Updating the meta Data
################################################################################################
466
This company Getting the Data: Urban_Outfitters
There is no new data point
Just Updating the meta Data
################################################################################################
467
This company Getting the Data: V.F._Corp.
There is no new data point
Just Updating the meta Data
################################################################################################
468
This company Getting the Data: Valero_Energy
There is no new data point
Just Updating the meta Data
################################################################################################
469
This company Getting the Data: Varian_Medical_Systems
There is no new data point
Just Updating the meta Data
################################################################################################
470
This company Getting the Data: Ventas_Inc
There is no new data point
Just Updating the meta Data
################################################################################################
471
This company Getting the Data: Verisign_Inc.
There is no new data point
Just Updating the meta Data
################################################################################################
472
This company Getting the Data: Verisk_Analytics
There is no new data point
Just Updating the meta Data
################################################################################################
473
This company Getting the Data: Verizon_Communications
There is no new data point
Just Updating the meta Data
################################################################################################
474
This company Getting the Data: Vertex_Pharmaceuticals_Inc
There is no new data point
Just Updating the meta Data
################################################################################################
475
This company Getting the Data: Viacom_Inc.
There is no new data point
Just Updating the meta Data
################################################################################################
476
This company Getting the Data: Visa_Inc.
There is no new data point
Just Updating the meta Data
################################################################################################
477
This company Getting the Data: Vornado_Realty_Trust
There is no new data point
Just Updating the meta Data
################################################################################################
478
This company Getting the Data: Vulcan_Materials
There is no new data point
Just Updating the meta Data
################################################################################################
479
This company Getting the Data: Wal-Mart_Stores
There is no new data point
Just Updating the meta Data
################################################################################################
480
This company Getting the Data: Walgreens_Boots_Alliance
There is no new data point
Just Updating the meta Data
################################################################################################
481
This company Getting the Data: Waste_Management_Inc.
There is no new data point
Just Updating the meta Data
################################################################################################
482
This company Getting the Data: Waters_Corporation
There is no new data point
Just Updating the meta Data
################################################################################################
483
This company Getting the Data: Wec_Energy_Group_Inc
There is no new data point
Just Updating the meta Data
################################################################################################
484
This company Getting the Data: Wells_Fargo
There is no new data point
Just Updating the meta Data
################################################################################################
485
This company Getting the Data: Welltower_Inc.
There is no new data point
Just Updating the meta Data
################################################################################################
486
This company Getting the Data: Western_Digital
There is no new data point
Just Updating the meta Data
################################################################################################
487
This company Getting the Data: Western_Union_Co
There is no new data point
Just Updating the meta Data
################################################################################################
488
This company Getting the Data: WestRock_Company
There is no new data point
Just Updating the meta Data
################################################################################################
489
This company Getting the Data: Weyerhaeuser_Corp.
There is no new data point
Just Updating the meta Data
################################################################################################
490
This company Getting the Data: Whirlpool_Corp.
There is no new data point
Just Updating the meta Data
################################################################################################
491
This company Getting the Data: Whole_Foods_Market
There is no new data point
Just Updating the meta Data
################################################################################################
492
This company Getting the Data: Williams_Cos.
There is no new data point
Just Updating the meta Data
################################################################################################
493
This company Getting the Data: Willis_Towers_Watson
There is no new data point
Just Updating the meta Data
################################################################################################
494
This company Getting the Data: Wyndham_Worldwide
There is no new data point
Just Updating the meta Data
################################################################################################
495
This company Getting the Data: Wynn_Resorts_Ltd
There is no new data point
Just Updating the meta Data
################################################################################################
496
This company Getting the Data: Xcel_Energy_Inc
There is no new data point
Just Updating the meta Data
################################################################################################
497
This company Getting the Data: Xerox_Corp.
There is no new data point
Just Updating the meta Data
################################################################################################
498
This company Getting the Data: Xilinx_Inc
There is no new data point
Just Updating the meta Data
################################################################################################
499
This company Getting the Data: XL_Capital
There is no new data point
Just Updating the meta Data
################################################################################################
500
This company Getting the Data: Xylem_Inc.
There is no new data point
Just Updating the meta Data
dkfjdkfkd
