################################################################################################
Output Already exists!!
################################################################################################
Output Already exists!!
################################################################################################
Output Already exists!!
################################################################################################
Output Already exists!!
################################################################################################
Output Already exists!!
################################################################################################
Output Already exists!!
################################################################################################
Output Already exists!!
################################################################################################
Output Already exists!!
################################################################################################
Output Already exists!!
################################################################################################
Output Already exists!!
################################################################################################
Output Already exists!!
################################################################################################
Output Already exists!!
################################################################################################
Output Already exists!!
################################################################################################
Output Already exists!!
################################################################################################
Output Already exists!!
################################################################################################
Output Already exists!!
################################################################################################
Output Already exists!!
################################################################################################
Output Already exists!!
################################################################################################
Output Already exists!!
################################################################################################
Output Already exists!!
################################################################################################
Output Already exists!!
################################################################################################
Output Already exists!!
################################################################################################
Output Already exists!!
################################################################################################
Output Already exists!!
################################################################################################
Output Already exists!!
################################################################################################
Output Already exists!!
################################################################################################
Output Already exists!!
################################################################################################
Output Already exists!!
################################################################################################
Output Already exists!!
################################################################################################
Output Already exists!!
################################################################################################
Output Already exists!!
################################################################################################
Output Already exists!!
################################################################################################
Output Already exists!!
################################################################################################
Output Already exists!!
################################################################################################
Output Already exists!!
################################################################################################
Output Already exists!!
################################################################################################
Output Already exists!!
################################################################################################
Output Already exists!!
################################################################################################
Output Already exists!!
################################################################################################
Output Already exists!!
################################################################################################
Output Already exists!!
################################################################################################
Output Already exists!!
################################################################################################
Output Already exists!!
################################################################################################
Output Already exists!!
################################################################################################
Output Already exists!!
################################################################################################
Output Already exists!!
################################################################################################
Output Already exists!!
################################################################################################
Output Already exists!!
################################################################################################
Output Already exists!!
################################################################################################
Output Already exists!!
################################################################################################
Output Already exists!!
################################################################################################
Output Already exists!!
################################################################################################
Output Already exists!!
################################################################################################
Output Already exists!!
################################################################################################
Output Already exists!!
################################################################################################
Output Already exists!!
################################################################################################
Output Already exists!!
################################################################################################
Output Already exists!!
################################################################################################
Output Already exists!!
################################################################################################
Output Already exists!!
################################################################################################
Output Already exists!!
################################################################################################
Output Already exists!!
################################################################################################
Output Already exists!!
################################################################################################
Output Already exists!!
################################################################################################
Output Already exists!!
################################################################################################
Output Already exists!!
################################################################################################
Output Already exists!!
################################################################################################
Output Already exists!!
################################################################################################
Output Already exists!!
################################################################################################
Output Already exists!!
################################################################################################
Output Already exists!!
################################################################################################
Output Already exists!!
################################################################################################
Output Already exists!!
################################################################################################
Output Already exists!!
################################################################################################
Output Already exists!!
################################################################################################
Output Already exists!!
################################################################################################
Output Already exists!!
################################################################################################
There is problem in the data
-------There is Problem with raw data: Brown-Forman_Corp.
################################################################################################
Output Already exists!!
################################################################################################
Output Already exists!!
################################################################################################
Output Already exists!!
################################################################################################
Output Already exists!!
################################################################################################
Output Already exists!!
################################################################################################
Output Already exists!!
################################################################################################
Output Already exists!!
################################################################################################
Output Already exists!!
################################################################################################
Output Already exists!!
################################################################################################
Output Already exists!!
################################################################################################
Output Already exists!!
################################################################################################
Output Already exists!!
################################################################################################
Output Already exists!!
################################################################################################
Output Already exists!!
################################################################################################
Output Already exists!!
################################################################################################
Output Already exists!!
################################################################################################
Output Already exists!!
################################################################################################
Output Already exists!!
################################################################################################
Output Already exists!!
################################################################################################
Output Already exists!!
################################################################################################
Output Already exists!!
################################################################################################
Output Already exists!!
################################################################################################
Output Already exists!!
################################################################################################
Output Already exists!!
################################################################################################
Output Already exists!!
################################################################################################
Output Already exists!!
################################################################################################
Output Already exists!!
################################################################################################
Output Already exists!!
################################################################################################
Output Already exists!!
################################################################################################
Output Already exists!!
################################################################################################
Output Already exists!!
################################################################################################
Output Already exists!!
################################################################################################
Output Already exists!!
################################################################################################
Output Already exists!!
################################################################################################
Output Already exists!!
################################################################################################
Output Already exists!!
################################################################################################
Output Already exists!!
################################################################################################
Output Already exists!!
################################################################################################
Output Already exists!!
################################################################################################
Output Already exists!!
################################################################################################
Output Already exists!!
################################################################################################
Output Already exists!!
################################################################################################
Output Already exists!!
################################################################################################
Output Already exists!!
################################################################################################
Output Already exists!!
################################################################################################
Output Already exists!!
################################################################################################
Output Already exists!!
################################################################################################
Output Already exists!!
################################################################################################
Output Already exists!!
################################################################################################
Output Already exists!!
################################################################################################
Output Already exists!!
################################################################################################
Output Already exists!!
################################################################################################
Output Already exists!!
################################################################################################
Output Already exists!!
################################################################################################
Output Already exists!!
################################################################################################
Output Already exists!!
################################################################################################
Output Already exists!!
################################################################################################
Output Already exists!!
################################################################################################
Output Already exists!!
################################################################################################
Output Already exists!!
################################################################################################
Output Already exists!!
################################################################################################
Output Already exists!!
################################################################################################
Output Already exists!!
################################################################################################
Output Already exists!!
################################################################################################
Output Already exists!!
################################################################################################
Output Already exists!!
################################################################################################
Output Already exists!!
################################################################################################
Output Already exists!!
################################################################################################
Output Already exists!!
################################################################################################
Output Already exists!!
################################################################################################
Output Already exists!!
################################################################################################
Output Already exists!!
################################################################################################
Output Already exists!!
################################################################################################
Output Already exists!!
################################################################################################
Output Already exists!!
################################################################################################
Output Already exists!!
################################################################################################
Output Already exists!!
################################################################################################
Output Already exists!!
################################################################################################
Output Already exists!!
################################################################################################
Output Already exists!!
################################################################################################
Output Already exists!!
################################################################################################
Output Already exists!!
################################################################################################
Output Already exists!!
################################################################################################
Output Already exists!!
################################################################################################
Output Already exists!!
################################################################################################
Output Already exists!!
################################################################################################
Output Already exists!!
################################################################################################
Output Already exists!!
################################################################################################
Output Already exists!!
################################################################################################
Output Already exists!!
################################################################################################
Output Already exists!!
################################################################################################
Output Already exists!!
################################################################################################
Output Already exists!!
################################################################################################
Output Already exists!!
################################################################################################
Output Already exists!!
################################################################################################
Output Already exists!!
################################################################################################
Output Already exists!!
################################################################################################
Output Already exists!!
################################################################################################
Output Already exists!!
################################################################################################
Output Already exists!!
################################################################################################
Output Already exists!!
################################################################################################
Output Already exists!!
################################################################################################
Output Already exists!!
################################################################################################
Output Already exists!!
################################################################################################
Output Already exists!!
################################################################################################
Output Already exists!!
################################################################################################
Output Already exists!!
################################################################################################
Output Already exists!!
################################################################################################
Output Already exists!!
################################################################################################
Output Already exists!!
################################################################################################
Output Already exists!!
################################################################################################
Output Already exists!!
################################################################################################
Output Already exists!!
################################################################################################
Output Already exists!!
################################################################################################
Output Already exists!!
################################################################################################
Output Already exists!!
################################################################################################
Output Already exists!!
################################################################################################
Output Already exists!!
################################################################################################
Output Already exists!!
################################################################################################
Output Already exists!!
################################################################################################
Output Already exists!!
################################################################################################
Output Already exists!!
################################################################################################
Output Already exists!!
################################################################################################
Output Already exists!!
################################################################################################
Output Already exists!!
################################################################################################
Output Already exists!!
################################################################################################
Output Already exists!!
################################################################################################
Output Already exists!!
################################################################################################
Output Already exists!!
################################################################################################
Output Already exists!!
################################################################################################
Output Already exists!!
################################################################################################
Output Already exists!!
################################################################################################
Output Already exists!!
################################################################################################
Output Already exists!!
################################################################################################
Output Already exists!!
################################################################################################
Output Already exists!!
################################################################################################
Output Already exists!!
################################################################################################
Output Already exists!!
################################################################################################
Output Already exists!!
################################################################################################
Output Already exists!!
################################################################################################
Output Already exists!!
################################################################################################
Output Already exists!!
################################################################################################
Output Already exists!!
################################################################################################
Output Already exists!!
################################################################################################
Output Already exists!!
################################################################################################
Output Already exists!!
################################################################################################
Output Already exists!!
################################################################################################
Output Already exists!!
################################################################################################
Output Already exists!!
################################################################################################
Output Already exists!!
################################################################################################
Output Already exists!!
################################################################################################
Output Already exists!!
################################################################################################
Output Already exists!!
################################################################################################
Output Already exists!!
################################################################################################
Output Already exists!!
################################################################################################
Output Already exists!!
################################################################################################
Output Already exists!!
################################################################################################
Output Already exists!!
################################################################################################
Output Already exists!!
################################################################################################
Output Already exists!!
################################################################################################
Output Already exists!!
################################################################################################
Output Already exists!!
################################################################################################
Output Already exists!!
################################################################################################
Output Already exists!!
################################################################################################
Output Already exists!!
################################################################################################
Output Already exists!!
################################################################################################
Output Already exists!!
################################################################################################
Output Already exists!!
################################################################################################
Output Already exists!!
################################################################################################
Output Already exists!!
################################################################################################
Output Already exists!!
################################################################################################
Output Already exists!!
################################################################################################
Output Already exists!!
################################################################################################
Output Already exists!!
################################################################################################
Output Already exists!!
################################################################################################
Output Already exists!!
################################################################################################
Output Already exists!!
################################################################################################
Output Already exists!!
################################################################################################
Output Already exists!!
################################################################################################
Output Already exists!!
################################################################################################
Output Already exists!!
################################################################################################
Output Already exists!!
################################################################################################
Output Already exists!!
################################################################################################
Output Already exists!!
################################################################################################
Output Already exists!!
################################################################################################
Output Already exists!!
################################################################################################
Output Already exists!!
################################################################################################
Output Already exists!!
################################################################################################
Output Already exists!!
################################################################################################
Output Already exists!!
################################################################################################
Output Already exists!!
################################################################################################
Output Already exists!!
################################################################################################
Output Already exists!!
################################################################################################
Output Already exists!!
################################################################################################
Output Already exists!!
################################################################################################
Output Already exists!!
################################################################################################
Output Already exists!!
################################################################################################
Output Already exists!!
################################################################################################
Output Already exists!!
################################################################################################
Output Already exists!!
################################################################################################
Output Already exists!!
################################################################################################
Output Already exists!!
################################################################################################
Output Already exists!!
################################################################################################
Output Already exists!!
################################################################################################
Output Already exists!!
################################################################################################
Output Already exists!!
################################################################################################
Output Already exists!!
################################################################################################
Output Already exists!!
################################################################################################
Output Already exists!!
################################################################################################
Output Already exists!!
################################################################################################
Output Already exists!!
################################################################################################
Output Already exists!!
################################################################################################
Output Already exists!!
################################################################################################
Output Already exists!!
################################################################################################
Output Already exists!!
################################################################################################
Output Already exists!!
################################################################################################
Output Already exists!!
################################################################################################
Output Already exists!!
################################################################################################
Output Already exists!!
################################################################################################
Output Already exists!!
################################################################################################
Output Already exists!!
################################################################################################
Output Already exists!!
################################################################################################
Output Already exists!!
################################################################################################
Output Already exists!!
################################################################################################
Output Already exists!!
################################################################################################
Output Already exists!!
################################################################################################
Output Already exists!!
################################################################################################
Output Already exists!!
################################################################################################
Output Already exists!!
################################################################################################
Output Already exists!!
################################################################################################
Output Already exists!!
################################################################################################
Output Already exists!!
################################################################################################
Output Already exists!!
################################################################################################
Output Already exists!!
################################################################################################
Output Already exists!!
################################################################################################
Output Already exists!!
################################################################################################
Output Already exists!!
################################################################################################
Output Already exists!!
################################################################################################
Output Already exists!!
################################################################################################
Output Already exists!!
################################################################################################
Output Already exists!!
################################################################################################
Output Already exists!!
################################################################################################
Output Already exists!!
################################################################################################
Output Already exists!!
################################################################################################
Output Already exists!!
################################################################################################
Output Already exists!!
################################################################################################
Output Already exists!!
################################################################################################
Output Already exists!!
################################################################################################
Output Already exists!!
################################################################################################
Output Already exists!!
################################################################################################
Output Already exists!!
################################################################################################
Output Already exists!!
################################################################################################
Output Already exists!!
################################################################################################
Output Already exists!!
################################################################################################
Output Already exists!!
################################################################################################
Output Already exists!!
################################################################################################
Output Already exists!!
################################################################################################
Output Already exists!!
################################################################################################
Output Already exists!!
################################################################################################
Output Already exists!!
################################################################################################
Output Already exists!!
################################################################################################
Output Already exists!!
################################################################################################
Output Already exists!!
################################################################################################
Output Already exists!!
################################################################################################
Output Already exists!!
################################################################################################
Output Already exists!!
################################################################################################
Output Already exists!!
################################################################################################
Output Already exists!!
################################################################################################
Output Already exists!!
################################################################################################
Output Already exists!!
################################################################################################
Output Already exists!!
################################################################################################
Output Already exists!!
################################################################################################
Output Already exists!!
################################################################################################
Output Already exists!!
################################################################################################
Output Already exists!!
################################################################################################
Output Already exists!!
################################################################################################
Output Already exists!!
################################################################################################
Output Already exists!!
################################################################################################
Output Already exists!!
################################################################################################
Output Already exists!!
################################################################################################
Output Already exists!!
################################################################################################
Output Already exists!!
################################################################################################
Output Already exists!!
################################################################################################
Output Already exists!!
################################################################################################
Output Already exists!!
################################################################################################
Output Already exists!!
################################################################################################
Output Already exists!!
################################################################################################
Output Already exists!!
################################################################################################
Output Already exists!!
################################################################################################
Output Already exists!!
################################################################################################
Output Already exists!!
################################################################################################
Output Already exists!!
################################################################################################
Output Already exists!!
################################################################################################
Output Already exists!!
################################################################################################
Output Already exists!!
################################################################################################
Output Already exists!!
################################################################################################
Output Already exists!!
################################################################################################
Output Already exists!!
################################################################################################
Output Already exists!!
################################################################################################
Output Already exists!!
################################################################################################
Output Already exists!!
################################################################################################
Output Already exists!!
################################################################################################
Output Already exists!!
################################################################################################
Output Already exists!!
################################################################################################
Output Already exists!!
################################################################################################
Output Already exists!!
################################################################################################
Output Already exists!!
################################################################################################
Output Already exists!!
################################################################################################
Output Already exists!!
################################################################################################
Output Already exists!!
################################################################################################
Output Already exists!!
################################################################################################
Output Already exists!!
################################################################################################
Output Already exists!!
################################################################################################
Output Already exists!!
################################################################################################
Output Already exists!!
################################################################################################
Output Already exists!!
################################################################################################
Output Already exists!!
################################################################################################
Output Already exists!!
################################################################################################
Output Already exists!!
################################################################################################
Output Already exists!!
################################################################################################
Output Already exists!!
################################################################################################
Output Already exists!!
################################################################################################
Output Already exists!!
################################################################################################
Output Already exists!!
################################################################################################
Output Already exists!!
################################################################################################
Output Already exists!!
################################################################################################
Output Already exists!!
################################################################################################
Output Already exists!!
################################################################################################
Output Already exists!!
################################################################################################
Output Already exists!!
################################################################################################
Output Already exists!!
################################################################################################
Output Already exists!!
################################################################################################
Output Already exists!!
################################################################################################
Output Already exists!!
################################################################################################
Output Already exists!!
################################################################################################
Output Already exists!!
################################################################################################
Output Already exists!!
################################################################################################
Output Already exists!!
################################################################################################
Output Already exists!!
################################################################################################
Output Already exists!!
################################################################################################
Output Already exists!!
################################################################################################
Output Already exists!!
################################################################################################
Output Already exists!!
################################################################################################
Output Already exists!!
################################################################################################
Output Already exists!!
################################################################################################
Output Already exists!!
################################################################################################
Output Already exists!!
################################################################################################
Output Already exists!!
################################################################################################
Output Already exists!!
################################################################################################
Output Already exists!!
################################################################################################
Output Already exists!!
################################################################################################
Buliding Model for : Tesoro_Petroleum_Co.
typeof: Close
====== Algorithm Did not work: Tesoro_Petroleum_Co.
################################################################################################
Buliding Model for : Texas_Instruments
typeof: Close
typeof: Open
typeof: High
typeof: Low
################################################################################################
Buliding Model for : Textron_Inc.
typeof: Close
typeof: Open
typeof: High
typeof: Low
################################################################################################
Buliding Model for : The_Bank_of_New_York_Mellon_Corp.
typeof: Close
typeof: Open
typeof: High
typeof: Low
################################################################################################
Buliding Model for : The_Clorox_Company
typeof: Close
typeof: Open
typeof: High
typeof: Low
################################################################################################
Buliding Model for : The_Cooper_Companies
typeof: Close
typeof: Open
typeof: High
typeof: Low
################################################################################################
Buliding Model for : The_Hershey_Company
typeof: Close
typeof: Open
typeof: High
typeof: Low
################################################################################################
Buliding Model for : The_Mosaic_Company
typeof: Close
typeof: Open
typeof: High
typeof: Low
################################################################################################
Buliding Model for : The_Travelers_Companies_Inc.
typeof: Close
typeof: Open
typeof: High
typeof: Low
################################################################################################
Buliding Model for : The_Walt_Disney_Company
typeof: Close
typeof: Open
typeof: High
typeof: Low
################################################################################################
Buliding Model for : Thermo_Fisher_Scientific
typeof: Close
typeof: Open
typeof: High
typeof: Low
################################################################################################
Buliding Model for : Tiffany_&_Co.
typeof: Close
typeof: Open
typeof: High
typeof: Low
################################################################################################
Buliding Model for : Time_Warner_Inc.
typeof: Close
typeof: Open
typeof: High
typeof: Low
################################################################################################
Buliding Model for : TJX_Companies_Inc.
typeof: Close
typeof: Open
typeof: High
typeof: Low
################################################################################################
Buliding Model for : Torchmark_Corp.
typeof: Close
typeof: Open
typeof: High
typeof: Low
################################################################################################
Buliding Model for : Total_System_Services
typeof: Close
typeof: Open
typeof: High
typeof: Low
################################################################################################
Buliding Model for : Tractor_Supply_Company
typeof: Close
typeof: Open
typeof: High
typeof: Low
################################################################################################
Buliding Model for : TransDigm_Group
typeof: Close
typeof: Open
typeof: High
typeof: Low
################################################################################################
Buliding Model for : Transocean
typeof: Close
typeof: Open
typeof: High
typeof: Low
################################################################################################
Buliding Model for : TripAdvisor
typeof: Close
typeof: Open
typeof: High
typeof: Low
################################################################################################
Buliding Model for : Twenty-First_Century_Fox_Class_A
typeof: Close
typeof: Open
typeof: High
typeof: Low
################################################################################################
Buliding Model for : Twenty-First_Century_Fox_Class_B
typeof: Close
typeof: Open
typeof: High
typeof: Low
################################################################################################
Buliding Model for : Tyson_Foods
typeof: Close
typeof: Open
typeof: High
typeof: Low
################################################################################################
Buliding Model for : U.S._Bancorp
typeof: Close
typeof: Open
typeof: High
typeof: Low
################################################################################################
Buliding Model for : UDR_Inc
typeof: Close
typeof: Open
typeof: High
typeof: Low
################################################################################################
Buliding Model for : Ulta_Salon_Cosmetics_&_Fragrance_Inc
typeof: Close
typeof: Open
typeof: High
typeof: Low
################################################################################################
Buliding Model for : Under_Armour
typeof: Close
typeof: Open
typeof: High
typeof: Low
################################################################################################
Output Already exists!!
################################################################################################
Buliding Model for : Union_Pacific
typeof: Close
typeof: Open
typeof: High
typeof: Low
################################################################################################
Buliding Model for : United_Continental_Holdings
typeof: Close
typeof: Open
typeof: High
typeof: Low
################################################################################################
Buliding Model for : United_Health_Group_Inc.
typeof: Close
typeof: Open
typeof: High
typeof: Low
################################################################################################
Buliding Model for : United_Parcel_Service
typeof: Close
typeof: Open
typeof: High
typeof: Low
################################################################################################
Buliding Model for : United_Rentals,_Inc.
typeof: Close
typeof: Open
typeof: High
typeof: Low
################################################################################################
Buliding Model for : United_Technologies
typeof: Close
typeof: Open
typeof: High
typeof: Low
################################################################################################
Buliding Model for : Universal_Health_Services,_Inc.
typeof: Close
typeof: Open
typeof: High
typeof: Low
################################################################################################
Buliding Model for : Unum_Group
typeof: Close
typeof: Open
typeof: High
typeof: Low
################################################################################################
Buliding Model for : Urban_Outfitters
typeof: Close
typeof: Open
typeof: High
typeof: Low
################################################################################################
Buliding Model for : V.F._Corp.
typeof: Close
typeof: Open
typeof: High
typeof: Low
################################################################################################
Buliding Model for : Valero_Energy
typeof: Close
typeof: Open
typeof: High
typeof: Low
################################################################################################
Buliding Model for : Varian_Medical_Systems
typeof: Close
typeof: Open
typeof: High
typeof: Low
################################################################################################
Buliding Model for : Ventas_Inc
typeof: Close
typeof: Open
typeof: High
typeof: Low
################################################################################################
Buliding Model for : Verisign_Inc.
typeof: Close
typeof: Open
typeof: High
typeof: Low
################################################################################################
Buliding Model for : Verisk_Analytics
typeof: Close
typeof: Open
typeof: High
typeof: Low
################################################################################################
Buliding Model for : Verizon_Communications
typeof: Close
typeof: Open
typeof: High
typeof: Low
################################################################################################
Buliding Model for : Vertex_Pharmaceuticals_Inc
typeof: Close
typeof: Open
typeof: High
typeof: Low
################################################################################################
Buliding Model for : Viacom_Inc.
typeof: Close
typeof: Open
typeof: High
typeof: Low
################################################################################################
Buliding Model for : Visa_Inc.
typeof: Close
typeof: Open
typeof: High
typeof: Low
################################################################################################
Buliding Model for : Vornado_Realty_Trust
typeof: Close
typeof: Open
typeof: High
typeof: Low
################################################################################################
Buliding Model for : Vulcan_Materials
typeof: Close
typeof: Open
typeof: High
typeof: Low
################################################################################################
Buliding Model for : Wal-Mart_Stores
typeof: Close
typeof: Open
typeof: High
typeof: Low
################################################################################################
Buliding Model for : Walgreens_Boots_Alliance
typeof: Close
typeof: Open
typeof: High
typeof: Low
################################################################################################
Buliding Model for : Waste_Management_Inc.
typeof: Close
typeof: Open
typeof: High
typeof: Low
################################################################################################
Buliding Model for : Waters_Corporation
typeof: Close
typeof: Open
typeof: High
typeof: Low
################################################################################################
Buliding Model for : Wec_Energy_Group_Inc
typeof: Close
typeof: Open
typeof: High
typeof: Low
################################################################################################
Buliding Model for : Wells_Fargo
typeof: Close
typeof: Open
typeof: High
typeof: Low
################################################################################################
Buliding Model for : Welltower_Inc.
typeof: Close
typeof: Open
typeof: High
typeof: Low
################################################################################################
Buliding Model for : Western_Digital
typeof: Close
typeof: Open
typeof: High
typeof: Low
################################################################################################
Buliding Model for : Western_Union_Co
typeof: Close
typeof: Open
typeof: High
typeof: Low
################################################################################################
Buliding Model for : WestRock_Company
typeof: Close
typeof: Open
typeof: High
typeof: Low
################################################################################################
Buliding Model for : Weyerhaeuser_Corp.
typeof: Close
typeof: Open
typeof: High
typeof: Low
################################################################################################
Buliding Model for : Whirlpool_Corp.
typeof: Close
typeof: Open
typeof: High
typeof: Low
################################################################################################
Buliding Model for : Whole_Foods_Market
typeof: Close
typeof: Open
typeof: High
typeof: Low
################################################################################################
Buliding Model for : Williams_Cos.
typeof: Close
typeof: Open
typeof: High
typeof: Low
################################################################################################
Buliding Model for : Willis_Towers_Watson
typeof: Close
typeof: Open
typeof: High
typeof: Low
################################################################################################
Buliding Model for : Wyndham_Worldwide
typeof: Close
typeof: Open
typeof: High
typeof: Low
################################################################################################
Buliding Model for : Wynn_Resorts_Ltd
typeof: Close
typeof: Open
typeof: High
typeof: Low
################################################################################################
Buliding Model for : Xcel_Energy_Inc
typeof: Close
typeof: Open
typeof: High
typeof: Low
################################################################################################
Buliding Model for : Xerox_Corp.
typeof: Close
typeof: Open
typeof: High
typeof: Low
################################################################################################
Buliding Model for : Xilinx_Inc
typeof: Close
typeof: Open
typeof: High
typeof: Low
################################################################################################
Buliding Model for : XL_Capital
typeof: Close
typeof: Open
typeof: High
typeof: Low
################################################################################################
Buliding Model for : Xylem_Inc.
typeof: Close
typeof: Open
typeof: High
typeof: Low
